FORUM: 2025/03/11 13:06:35 logs.go:25: Logger created successfully
FORUM: 2025/03/11 13:06:35 parseTemplates.go:12: Attempting to parse templates with pattern:  ./templates/*.html
FORUM: 2025/03/11 13:06:35 parseTemplates.go:24: Templates loaded successfully
FORUM: 2025/03/11 13:06:36 homeHandler.go:13: Handling request for Home page
FORUM: 2025/03/11 13:06:36 homeHandler.go:21: Checking for session token
FORUM: 2025/03/11 13:06:36 homeHandler.go:24: No session token found, user not logged in
FORUM: 2025/03/11 13:06:36 homeHandler.go:54: Setting cookie: session_token = 
FORUM: 2025/03/11 13:06:36 getPosts.go:86: Fetching posts for page 1
FORUM: 2025/03/11 13:06:36 getPosts.go:164: Executing query: SELECT username, id, title, content, Categories, created_at, likes, dislikes 
              FROM posts 
              ORDER BY created_at DESC 
              LIMIT ? with limit 10
FORUM: 2025/03/11 13:06:36 getPosts.go:177: Starting to process rows...
FORUM: 2025/03/11 13:06:36 getPosts.go:210: Finished processing rows. Total posts fetched: 0
FORUM: 2025/03/11 13:06:52 register.go:82: Register: Successful registration for user: aaa User ID: 1
FORUM: 2025/03/11 13:06:52 homeHandler.go:13: Handling request for Home page
FORUM: 2025/03/11 13:06:52 homeHandler.go:21: Checking for session token
FORUM: 2025/03/11 13:06:52 homeHandler.go:30: Session token found, verifying...
FORUM: 2025/03/11 13:06:52 session.go:38: SessionCheck: Session is valid for token: 01958550-ae72-7d79-b346-c3e8ce3f54ef
FORUM: 2025/03/11 13:06:52 homeHandler.go:47: User is logged in: {true aaa false}
FORUM: 2025/03/11 13:06:52 homeHandler.go:48: User successfully logged in: aaa
FORUM: 2025/03/11 13:06:52 homeHandler.go:54: Setting cookie: session_token = 01958550-ae72-7d79-b346-c3e8ce3f54ef
FORUM: 2025/03/11 13:06:52 getPosts.go:86: Fetching posts for page 1
FORUM: 2025/03/11 13:06:52 getPosts.go:164: Executing query: SELECT username, id, title, content, Categories, created_at, likes, dislikes 
              FROM posts 
              ORDER BY created_at DESC 
              LIMIT ? with limit 10
FORUM: 2025/03/11 13:06:52 getPosts.go:177: Starting to process rows...
FORUM: 2025/03/11 13:06:52 getPosts.go:210: Finished processing rows. Total posts fetched: 0
FORUM: 2025/03/11 13:07:16 session.go:38: SessionCheck: Session is valid for token: 01958550-ae72-7d79-b346-c3e8ce3f54ef
FORUM: 2025/03/11 13:07:16 validatePost.go:28: Validation successful for title and content
FORUM: 2025/03/11 13:07:16 session.go:38: SessionCheck: Session is valid for token: 01958550-ae72-7d79-b346-c3e8ce3f54ef
FORUM: 2025/03/11 13:07:16 addPosts.go:84: Post created successfully, postID: 1
FORUM: 2025/03/11 13:07:18 session.go:38: SessionCheck: Session is valid for token: 01958550-ae72-7d79-b346-c3e8ce3f54ef
FORUM: 2025/03/11 13:07:18 validatePost.go:28: Validation successful for title and content
FORUM: 2025/03/11 13:07:18 session.go:38: SessionCheck: Session is valid for token: 01958550-ae72-7d79-b346-c3e8ce3f54ef
FORUM: 2025/03/11 13:07:18 addPosts.go:84: Post created successfully, postID: 2
FORUM: 2025/03/11 13:07:20 session.go:38: SessionCheck: Session is valid for token: 01958550-ae72-7d79-b346-c3e8ce3f54ef
FORUM: 2025/03/11 13:07:20 validatePost.go:28: Validation successful for title and content
FORUM: 2025/03/11 13:07:20 session.go:38: SessionCheck: Session is valid for token: 01958550-ae72-7d79-b346-c3e8ce3f54ef
FORUM: 2025/03/11 13:07:20 addPosts.go:84: Post created successfully, postID: 3
FORUM: 2025/03/11 13:09:07 main.go:48: 
Received termination signal: interrupt
FORUM: 2025/03/11 13:09:07 main.go:49: Shutting down...
FORUM: 2025/03/11 13:09:07 main.go:51: Database connection closed.
