FORUM: 2025/03/12 11:21:00 logs.go:25: Logger created successfully
FORUM: 2025/03/12 11:21:00 parseTemplates.go:12: Attempting to parse templates with pattern:  ./templates/*.html
FORUM: 2025/03/12 11:21:00 parseTemplates.go:24: Templates loaded successfully
FORUM: 2025/03/12 11:21:02 homeHandler.go:13: Handling request for Home page
FORUM: 2025/03/12 11:21:02 homeHandler.go:21: Checking for session token
FORUM: 2025/03/12 11:21:02 homeHandler.go:30: Session token found, verifying...
FORUM: 2025/03/12 11:21:02 session.go:38: SessionCheck: Session is valid for token: 019589f9-0c50-723d-afeb-8d41a778645a
FORUM: 2025/03/12 11:21:02 homeHandler.go:47: User is logged in: {true aaa false}
FORUM: 2025/03/12 11:21:02 homeHandler.go:48: User successfully logged in: aaa
FORUM: 2025/03/12 11:21:02 homeHandler.go:54: Setting cookie: session_token = 019589f9-0c50-723d-afeb-8d41a778645a
FORUM: 2025/03/12 11:21:02 getPosts.go:86: Fetching posts for page 1
FORUM: 2025/03/12 11:21:02 getPosts.go:164: Executing query: SELECT username, id, title, content, Categories, created_at, likes, dislikes 
              FROM posts 
              ORDER BY created_at DESC 
              LIMIT ? with limit 10
FORUM: 2025/03/12 11:21:02 getPosts.go:177: Starting to process rows...
FORUM: 2025/03/12 11:21:02 getPosts.go:182: Scanning row for post...
FORUM: 2025/03/12 11:21:02 getPosts.go:189: Successfully scanned post with ID: 3
FORUM: 2025/03/12 11:21:02 getPosts.go:192: Fetching comments for post ID: 3
FORUM: 2025/03/12 11:21:02 session.go:38: SessionCheck: Session is valid for token: 019589f9-0c50-723d-afeb-8d41a778645a
FORUM: 2025/03/12 11:21:02 getPosts.go:199: Successfully fetched comments for post ID: 3, Comments: []
FORUM: 2025/03/12 11:21:02 getPosts.go:201: Appending post with ID: 3 to posts slice
FORUM: 2025/03/12 11:21:02 getPosts.go:182: Scanning row for post...
FORUM: 2025/03/12 11:21:02 getPosts.go:189: Successfully scanned post with ID: 2
FORUM: 2025/03/12 11:21:02 getPosts.go:192: Fetching comments for post ID: 2
FORUM: 2025/03/12 11:21:02 getPosts.go:199: Successfully fetched comments for post ID: 2, Comments: []
FORUM: 2025/03/12 11:21:02 getPosts.go:201: Appending post with ID: 2 to posts slice
FORUM: 2025/03/12 11:21:02 getPosts.go:182: Scanning row for post...
FORUM: 2025/03/12 11:21:02 getPosts.go:189: Successfully scanned post with ID: 1
FORUM: 2025/03/12 11:21:02 getPosts.go:192: Fetching comments for post ID: 1
FORUM: 2025/03/12 11:21:02 getPosts.go:199: Successfully fetched comments for post ID: 1, Comments: []
FORUM: 2025/03/12 11:21:02 getPosts.go:201: Appending post with ID: 1 to posts slice
FORUM: 2025/03/12 11:21:02 getPosts.go:210: Finished processing rows. Total posts fetched: 3
FORUM: 2025/03/12 11:21:02 getPosts.go:113: Number of posts returned: 3
FORUM: 2025/03/12 11:21:42 homeHandler.go:13: Handling request for Home page
FORUM: 2025/03/12 11:21:42 homeHandler.go:21: Checking for session token
FORUM: 2025/03/12 11:21:42 homeHandler.go:30: Session token found, verifying...
FORUM: 2025/03/12 11:21:42 session.go:38: SessionCheck: Session is valid for token: 019589f9-0c50-723d-afeb-8d41a778645a
FORUM: 2025/03/12 11:21:42 homeHandler.go:47: User is logged in: {true aaa false}
FORUM: 2025/03/12 11:21:42 homeHandler.go:48: User successfully logged in: aaa
FORUM: 2025/03/12 11:21:42 homeHandler.go:54: Setting cookie: session_token = 019589f9-0c50-723d-afeb-8d41a778645a
FORUM: 2025/03/12 11:21:42 getPosts.go:86: Fetching posts for page 1
FORUM: 2025/03/12 11:21:42 getPosts.go:164: Executing query: SELECT username, id, title, content, Categories, created_at, likes, dislikes 
              FROM posts 
              ORDER BY created_at DESC 
              LIMIT ? with limit 10
FORUM: 2025/03/12 11:21:42 getPosts.go:177: Starting to process rows...
FORUM: 2025/03/12 11:21:42 session.go:38: SessionCheck: Session is valid for token: 019589f9-0c50-723d-afeb-8d41a778645a
FORUM: 2025/03/12 11:21:42 getPosts.go:182: Scanning row for post...
FORUM: 2025/03/12 11:21:42 getPosts.go:189: Successfully scanned post with ID: 3
FORUM: 2025/03/12 11:21:42 getPosts.go:192: Fetching comments for post ID: 3
FORUM: 2025/03/12 11:21:42 getPosts.go:199: Successfully fetched comments for post ID: 3, Comments: []
FORUM: 2025/03/12 11:21:42 getPosts.go:201: Appending post with ID: 3 to posts slice
FORUM: 2025/03/12 11:21:42 getPosts.go:182: Scanning row for post...
FORUM: 2025/03/12 11:21:42 getPosts.go:189: Successfully scanned post with ID: 2
FORUM: 2025/03/12 11:21:42 getPosts.go:192: Fetching comments for post ID: 2
FORUM: 2025/03/12 11:21:42 getPosts.go:199: Successfully fetched comments for post ID: 2, Comments: []
FORUM: 2025/03/12 11:21:42 getPosts.go:201: Appending post with ID: 2 to posts slice
FORUM: 2025/03/12 11:21:42 getPosts.go:182: Scanning row for post...
FORUM: 2025/03/12 11:21:42 getPosts.go:189: Successfully scanned post with ID: 1
FORUM: 2025/03/12 11:21:42 getPosts.go:192: Fetching comments for post ID: 1
FORUM: 2025/03/12 11:21:42 getPosts.go:199: Successfully fetched comments for post ID: 1, Comments: []
FORUM: 2025/03/12 11:21:42 getPosts.go:201: Appending post with ID: 1 to posts slice
FORUM: 2025/03/12 11:21:42 getPosts.go:210: Finished processing rows. Total posts fetched: 3
FORUM: 2025/03/12 11:21:42 getPosts.go:113: Number of posts returned: 3
FORUM: 2025/03/12 11:22:17 homeHandler.go:13: Handling request for Home page
FORUM: 2025/03/12 11:22:17 homeHandler.go:21: Checking for session token
FORUM: 2025/03/12 11:22:17 homeHandler.go:30: Session token found, verifying...
FORUM: 2025/03/12 11:22:17 session.go:38: SessionCheck: Session is valid for token: 019589f9-0c50-723d-afeb-8d41a778645a
FORUM: 2025/03/12 11:22:17 homeHandler.go:47: User is logged in: {true aaa false}
FORUM: 2025/03/12 11:22:17 homeHandler.go:48: User successfully logged in: aaa
FORUM: 2025/03/12 11:22:17 homeHandler.go:54: Setting cookie: session_token = 019589f9-0c50-723d-afeb-8d41a778645a
FORUM: 2025/03/12 11:22:17 getPosts.go:86: Fetching posts for page 1
FORUM: 2025/03/12 11:22:17 getPosts.go:164: Executing query: SELECT username, id, title, content, Categories, created_at, likes, dislikes 
              FROM posts 
              ORDER BY created_at DESC 
              LIMIT ? with limit 10
FORUM: 2025/03/12 11:22:17 getPosts.go:177: Starting to process rows...
FORUM: 2025/03/12 11:22:17 session.go:38: SessionCheck: Session is valid for token: 019589f9-0c50-723d-afeb-8d41a778645a
FORUM: 2025/03/12 11:22:17 getPosts.go:182: Scanning row for post...
FORUM: 2025/03/12 11:22:17 getPosts.go:189: Successfully scanned post with ID: 3
FORUM: 2025/03/12 11:22:17 getPosts.go:192: Fetching comments for post ID: 3
FORUM: 2025/03/12 11:22:17 getPosts.go:199: Successfully fetched comments for post ID: 3, Comments: []
FORUM: 2025/03/12 11:22:17 getPosts.go:201: Appending post with ID: 3 to posts slice
FORUM: 2025/03/12 11:22:17 getPosts.go:182: Scanning row for post...
FORUM: 2025/03/12 11:22:17 getPosts.go:189: Successfully scanned post with ID: 2
FORUM: 2025/03/12 11:22:17 getPosts.go:192: Fetching comments for post ID: 2
FORUM: 2025/03/12 11:22:17 getPosts.go:199: Successfully fetched comments for post ID: 2, Comments: []
FORUM: 2025/03/12 11:22:17 getPosts.go:201: Appending post with ID: 2 to posts slice
FORUM: 2025/03/12 11:22:17 getPosts.go:182: Scanning row for post...
FORUM: 2025/03/12 11:22:17 getPosts.go:189: Successfully scanned post with ID: 1
FORUM: 2025/03/12 11:22:17 getPosts.go:192: Fetching comments for post ID: 1
FORUM: 2025/03/12 11:22:17 getPosts.go:199: Successfully fetched comments for post ID: 1, Comments: []
FORUM: 2025/03/12 11:22:17 getPosts.go:201: Appending post with ID: 1 to posts slice
FORUM: 2025/03/12 11:22:17 getPosts.go:210: Finished processing rows. Total posts fetched: 3
FORUM: 2025/03/12 11:22:17 getPosts.go:113: Number of posts returned: 3
FORUM: 2025/03/12 11:25:14 main.go:48: 
Received termination signal: interrupt
FORUM: 2025/03/12 11:25:14 main.go:49: Shutting down...
FORUM: 2025/03/12 11:25:14 main.go:51: Database connection closed.
