FORUM: 2025/03/11 14:44:51 logs.go:25: Logger created successfully
FORUM: 2025/03/11 14:44:51 parseTemplates.go:12: Attempting to parse templates with pattern:  ./templates/*.html
FORUM: 2025/03/11 14:44:51 parseTemplates.go:24: Templates loaded successfully
FORUM: 2025/03/11 14:44:56 homeHandler.go:13: Handling request for Home page
FORUM: 2025/03/11 14:44:56 homeHandler.go:21: Checking for session token
FORUM: 2025/03/11 14:44:56 homeHandler.go:30: Session token found, verifying...
FORUM: 2025/03/11 14:44:56 session.go:38: SessionCheck: Session is valid for token: 01958597-e190-78ef-a868-1e6af7f76d58
FORUM: 2025/03/11 14:44:56 homeHandler.go:47: User is logged in: {true ghhghg false}
FORUM: 2025/03/11 14:44:56 homeHandler.go:48: User successfully logged in: ghhghg
FORUM: 2025/03/11 14:44:56 homeHandler.go:54: Setting cookie: session_token = 01958597-e190-78ef-a868-1e6af7f76d58
FORUM: 2025/03/11 14:44:56 getPosts.go:86: Fetching posts for page 1
FORUM: 2025/03/11 14:44:56 getPosts.go:164: Executing query: SELECT username, id, title, content, Categories, created_at, likes, dislikes 
              FROM posts 
              ORDER BY created_at DESC 
              LIMIT ? with limit 10
FORUM: 2025/03/11 14:44:56 session.go:38: SessionCheck: Session is valid for token: 01958597-e190-78ef-a868-1e6af7f76d58
FORUM: 2025/03/11 14:44:56 getPosts.go:177: Starting to process rows...
FORUM: 2025/03/11 14:44:56 getPosts.go:182: Scanning row for post...
FORUM: 2025/03/11 14:44:56 getPosts.go:189: Successfully scanned post with ID: 3
FORUM: 2025/03/11 14:44:56 getPosts.go:192: Fetching comments for post ID: 3
FORUM: 2025/03/11 14:44:56 getPosts.go:199: Successfully fetched comments for post ID: 3, Comments: []
FORUM: 2025/03/11 14:44:56 getPosts.go:201: Appending post with ID: 3 to posts slice
FORUM: 2025/03/11 14:44:56 getPosts.go:182: Scanning row for post...
FORUM: 2025/03/11 14:44:56 getPosts.go:189: Successfully scanned post with ID: 2
FORUM: 2025/03/11 14:44:56 getPosts.go:192: Fetching comments for post ID: 2
FORUM: 2025/03/11 14:44:56 getPosts.go:199: Successfully fetched comments for post ID: 2, Comments: []
FORUM: 2025/03/11 14:44:56 getPosts.go:201: Appending post with ID: 2 to posts slice
FORUM: 2025/03/11 14:44:56 getPosts.go:182: Scanning row for post...
FORUM: 2025/03/11 14:44:56 getPosts.go:189: Successfully scanned post with ID: 1
FORUM: 2025/03/11 14:44:56 getPosts.go:192: Fetching comments for post ID: 1
FORUM: 2025/03/11 14:44:56 getPosts.go:199: Successfully fetched comments for post ID: 1, Comments: []
FORUM: 2025/03/11 14:44:56 getPosts.go:201: Appending post with ID: 1 to posts slice
FORUM: 2025/03/11 14:44:56 getPosts.go:210: Finished processing rows. Total posts fetched: 3
FORUM: 2025/03/11 14:44:56 getPosts.go:113: Number of posts returned: 3
FORUM: 2025/03/11 14:45:16 homeHandler.go:13: Handling request for Home page
FORUM: 2025/03/11 14:45:16 homeHandler.go:21: Checking for session token
FORUM: 2025/03/11 14:45:16 homeHandler.go:30: Session token found, verifying...
FORUM: 2025/03/11 14:45:16 session.go:38: SessionCheck: Session is valid for token: 01958597-e190-78ef-a868-1e6af7f76d58
FORUM: 2025/03/11 14:45:16 homeHandler.go:47: User is logged in: {true ghhghg false}
FORUM: 2025/03/11 14:45:16 homeHandler.go:48: User successfully logged in: ghhghg
FORUM: 2025/03/11 14:45:16 homeHandler.go:54: Setting cookie: session_token = 01958597-e190-78ef-a868-1e6af7f76d58
FORUM: 2025/03/11 14:45:16 getPosts.go:86: Fetching posts for page 1
FORUM: 2025/03/11 14:45:16 getPosts.go:164: Executing query: SELECT username, id, title, content, Categories, created_at, likes, dislikes 
              FROM posts 
              ORDER BY created_at DESC 
              LIMIT ? with limit 10
FORUM: 2025/03/11 14:45:16 getPosts.go:177: Starting to process rows...
FORUM: 2025/03/11 14:45:16 session.go:38: SessionCheck: Session is valid for token: 01958597-e190-78ef-a868-1e6af7f76d58
FORUM: 2025/03/11 14:45:16 getPosts.go:182: Scanning row for post...
FORUM: 2025/03/11 14:45:16 getPosts.go:189: Successfully scanned post with ID: 3
FORUM: 2025/03/11 14:45:16 getPosts.go:192: Fetching comments for post ID: 3
FORUM: 2025/03/11 14:45:16 getPosts.go:199: Successfully fetched comments for post ID: 3, Comments: []
FORUM: 2025/03/11 14:45:16 getPosts.go:201: Appending post with ID: 3 to posts slice
FORUM: 2025/03/11 14:45:16 getPosts.go:182: Scanning row for post...
FORUM: 2025/03/11 14:45:16 getPosts.go:189: Successfully scanned post with ID: 2
FORUM: 2025/03/11 14:45:16 getPosts.go:192: Fetching comments for post ID: 2
FORUM: 2025/03/11 14:45:16 getPosts.go:199: Successfully fetched comments for post ID: 2, Comments: []
FORUM: 2025/03/11 14:45:16 getPosts.go:201: Appending post with ID: 2 to posts slice
FORUM: 2025/03/11 14:45:16 getPosts.go:182: Scanning row for post...
FORUM: 2025/03/11 14:45:16 getPosts.go:189: Successfully scanned post with ID: 1
FORUM: 2025/03/11 14:45:16 getPosts.go:192: Fetching comments for post ID: 1
FORUM: 2025/03/11 14:45:16 getPosts.go:199: Successfully fetched comments for post ID: 1, Comments: []
FORUM: 2025/03/11 14:45:16 getPosts.go:201: Appending post with ID: 1 to posts slice
FORUM: 2025/03/11 14:45:16 getPosts.go:210: Finished processing rows. Total posts fetched: 3
FORUM: 2025/03/11 14:45:16 getPosts.go:113: Number of posts returned: 3
FORUM: 2025/03/11 14:45:46 getPosts.go:44: Categories found in URL: [Education]
FORUM: 2025/03/11 14:45:46 getPosts.go:47: Fetching posts by categories: [Education] for page 1
FORUM: 2025/03/11 14:45:46 getPosts.go:123: Category Found: Education
FORUM: 2025/03/11 14:45:46 getPosts.go:142: Params:  [%Education% 10 <nil>]
FORUM: 2025/03/11 14:45:46 getPosts.go:144: Executing query: 
		SELECT username, id, title, content, Categories, created_at, likes, dislikes 
		FROM posts 
		WHERE Categories LIKE ?
		ORDER BY created_at DESC 
		LIMIT ? with categories: [Education], limit: 10
FORUM: 2025/03/11 14:45:46 getPosts.go:177: Starting to process rows...
FORUM: 2025/03/11 14:45:46 getPosts.go:210: Finished processing rows. Total posts fetched: 0
FORUM: 2025/03/11 14:45:47 homeHandler.go:13: Handling request for Home page
FORUM: 2025/03/11 14:45:47 homeHandler.go:21: Checking for session token
FORUM: 2025/03/11 14:45:47 homeHandler.go:30: Session token found, verifying...
FORUM: 2025/03/11 14:45:47 session.go:38: SessionCheck: Session is valid for token: 01958597-e190-78ef-a868-1e6af7f76d58
FORUM: 2025/03/11 14:45:47 homeHandler.go:47: User is logged in: {true ghhghg false}
FORUM: 2025/03/11 14:45:47 homeHandler.go:48: User successfully logged in: ghhghg
FORUM: 2025/03/11 14:45:47 homeHandler.go:54: Setting cookie: session_token = 01958597-e190-78ef-a868-1e6af7f76d58
FORUM: 2025/03/11 14:45:47 getPosts.go:86: Fetching posts for page 1
FORUM: 2025/03/11 14:45:47 getPosts.go:164: Executing query: SELECT username, id, title, content, Categories, created_at, likes, dislikes 
              FROM posts 
              ORDER BY created_at DESC 
              LIMIT ? with limit 10
FORUM: 2025/03/11 14:45:47 getPosts.go:177: Starting to process rows...
FORUM: 2025/03/11 14:45:47 getPosts.go:182: Scanning row for post...
FORUM: 2025/03/11 14:45:47 session.go:38: SessionCheck: Session is valid for token: 01958597-e190-78ef-a868-1e6af7f76d58
FORUM: 2025/03/11 14:45:47 getPosts.go:189: Successfully scanned post with ID: 3
FORUM: 2025/03/11 14:45:47 getPosts.go:192: Fetching comments for post ID: 3
FORUM: 2025/03/11 14:45:47 getPosts.go:199: Successfully fetched comments for post ID: 3, Comments: []
FORUM: 2025/03/11 14:45:47 getPosts.go:201: Appending post with ID: 3 to posts slice
FORUM: 2025/03/11 14:45:47 getPosts.go:182: Scanning row for post...
FORUM: 2025/03/11 14:45:47 getPosts.go:189: Successfully scanned post with ID: 2
FORUM: 2025/03/11 14:45:47 getPosts.go:192: Fetching comments for post ID: 2
FORUM: 2025/03/11 14:45:47 getPosts.go:199: Successfully fetched comments for post ID: 2, Comments: []
FORUM: 2025/03/11 14:45:47 getPosts.go:201: Appending post with ID: 2 to posts slice
FORUM: 2025/03/11 14:45:47 getPosts.go:182: Scanning row for post...
FORUM: 2025/03/11 14:45:47 getPosts.go:189: Successfully scanned post with ID: 1
FORUM: 2025/03/11 14:45:47 getPosts.go:192: Fetching comments for post ID: 1
FORUM: 2025/03/11 14:45:47 getPosts.go:199: Successfully fetched comments for post ID: 1, Comments: []
FORUM: 2025/03/11 14:45:47 getPosts.go:201: Appending post with ID: 1 to posts slice
FORUM: 2025/03/11 14:45:47 getPosts.go:210: Finished processing rows. Total posts fetched: 3
FORUM: 2025/03/11 14:45:47 getPosts.go:113: Number of posts returned: 3
FORUM: 2025/03/11 14:46:25 homeHandler.go:13: Handling request for Home page
FORUM: 2025/03/11 14:46:25 homeHandler.go:21: Checking for session token
FORUM: 2025/03/11 14:46:25 homeHandler.go:30: Session token found, verifying...
FORUM: 2025/03/11 14:46:25 session.go:38: SessionCheck: Session is valid for token: 01958597-e190-78ef-a868-1e6af7f76d58
FORUM: 2025/03/11 14:46:25 homeHandler.go:47: User is logged in: {true ghhghg false}
FORUM: 2025/03/11 14:46:25 homeHandler.go:48: User successfully logged in: ghhghg
FORUM: 2025/03/11 14:46:25 homeHandler.go:54: Setting cookie: session_token = 01958597-e190-78ef-a868-1e6af7f76d58
FORUM: 2025/03/11 14:46:25 getPosts.go:86: Fetching posts for page 1
FORUM: 2025/03/11 14:46:25 getPosts.go:164: Executing query: SELECT username, id, title, content, Categories, created_at, likes, dislikes 
              FROM posts 
              ORDER BY created_at DESC 
              LIMIT ? with limit 10
FORUM: 2025/03/11 14:46:25 getPosts.go:177: Starting to process rows...
FORUM: 2025/03/11 14:46:25 getPosts.go:182: Scanning row for post...
FORUM: 2025/03/11 14:46:25 session.go:38: SessionCheck: Session is valid for token: 01958597-e190-78ef-a868-1e6af7f76d58
FORUM: 2025/03/11 14:46:25 getPosts.go:189: Successfully scanned post with ID: 3
FORUM: 2025/03/11 14:46:25 getPosts.go:192: Fetching comments for post ID: 3
FORUM: 2025/03/11 14:46:25 getPosts.go:199: Successfully fetched comments for post ID: 3, Comments: []
FORUM: 2025/03/11 14:46:25 getPosts.go:201: Appending post with ID: 3 to posts slice
FORUM: 2025/03/11 14:46:25 getPosts.go:182: Scanning row for post...
FORUM: 2025/03/11 14:46:25 getPosts.go:189: Successfully scanned post with ID: 2
FORUM: 2025/03/11 14:46:25 getPosts.go:192: Fetching comments for post ID: 2
FORUM: 2025/03/11 14:46:25 getPosts.go:199: Successfully fetched comments for post ID: 2, Comments: []
FORUM: 2025/03/11 14:46:25 getPosts.go:201: Appending post with ID: 2 to posts slice
FORUM: 2025/03/11 14:46:25 getPosts.go:182: Scanning row for post...
FORUM: 2025/03/11 14:46:25 getPosts.go:189: Successfully scanned post with ID: 1
FORUM: 2025/03/11 14:46:25 getPosts.go:192: Fetching comments for post ID: 1
FORUM: 2025/03/11 14:46:25 getPosts.go:199: Successfully fetched comments for post ID: 1, Comments: []
FORUM: 2025/03/11 14:46:25 getPosts.go:201: Appending post with ID: 1 to posts slice
FORUM: 2025/03/11 14:46:25 getPosts.go:210: Finished processing rows. Total posts fetched: 3
FORUM: 2025/03/11 14:46:25 getPosts.go:113: Number of posts returned: 3
FORUM: 2025/03/11 14:48:13 homeHandler.go:13: Handling request for Home page
FORUM: 2025/03/11 14:48:13 homeHandler.go:21: Checking for session token
FORUM: 2025/03/11 14:48:13 homeHandler.go:30: Session token found, verifying...
FORUM: 2025/03/11 14:48:13 session.go:38: SessionCheck: Session is valid for token: 01958597-e190-78ef-a868-1e6af7f76d58
FORUM: 2025/03/11 14:48:13 homeHandler.go:47: User is logged in: {true ghhghg false}
FORUM: 2025/03/11 14:48:13 homeHandler.go:48: User successfully logged in: ghhghg
FORUM: 2025/03/11 14:48:13 homeHandler.go:54: Setting cookie: session_token = 01958597-e190-78ef-a868-1e6af7f76d58
FORUM: 2025/03/11 14:48:13 getPosts.go:86: Fetching posts for page 1
FORUM: 2025/03/11 14:48:13 getPosts.go:164: Executing query: SELECT username, id, title, content, Categories, created_at, likes, dislikes 
              FROM posts 
              ORDER BY created_at DESC 
              LIMIT ? with limit 10
FORUM: 2025/03/11 14:48:13 getPosts.go:177: Starting to process rows...
FORUM: 2025/03/11 14:48:13 session.go:38: SessionCheck: Session is valid for token: 01958597-e190-78ef-a868-1e6af7f76d58
FORUM: 2025/03/11 14:48:13 getPosts.go:182: Scanning row for post...
FORUM: 2025/03/11 14:48:13 getPosts.go:189: Successfully scanned post with ID: 3
FORUM: 2025/03/11 14:48:13 getPosts.go:192: Fetching comments for post ID: 3
FORUM: 2025/03/11 14:48:13 getPosts.go:199: Successfully fetched comments for post ID: 3, Comments: []
FORUM: 2025/03/11 14:48:13 getPosts.go:201: Appending post with ID: 3 to posts slice
FORUM: 2025/03/11 14:48:13 getPosts.go:182: Scanning row for post...
FORUM: 2025/03/11 14:48:13 getPosts.go:189: Successfully scanned post with ID: 2
FORUM: 2025/03/11 14:48:13 getPosts.go:192: Fetching comments for post ID: 2
FORUM: 2025/03/11 14:48:13 getPosts.go:199: Successfully fetched comments for post ID: 2, Comments: []
FORUM: 2025/03/11 14:48:13 getPosts.go:201: Appending post with ID: 2 to posts slice
FORUM: 2025/03/11 14:48:13 getPosts.go:182: Scanning row for post...
FORUM: 2025/03/11 14:48:13 getPosts.go:189: Successfully scanned post with ID: 1
FORUM: 2025/03/11 14:48:13 getPosts.go:192: Fetching comments for post ID: 1
FORUM: 2025/03/11 14:48:13 getPosts.go:199: Successfully fetched comments for post ID: 1, Comments: []
FORUM: 2025/03/11 14:48:13 getPosts.go:201: Appending post with ID: 1 to posts slice
FORUM: 2025/03/11 14:48:13 getPosts.go:210: Finished processing rows. Total posts fetched: 3
FORUM: 2025/03/11 14:48:13 getPosts.go:113: Number of posts returned: 3
FORUM: 2025/03/11 14:48:49 homeHandler.go:13: Handling request for Home page
FORUM: 2025/03/11 14:48:49 homeHandler.go:21: Checking for session token
FORUM: 2025/03/11 14:48:49 homeHandler.go:30: Session token found, verifying...
FORUM: 2025/03/11 14:48:49 session.go:38: SessionCheck: Session is valid for token: 01958597-e190-78ef-a868-1e6af7f76d58
FORUM: 2025/03/11 14:48:49 homeHandler.go:47: User is logged in: {true ghhghg false}
FORUM: 2025/03/11 14:48:49 homeHandler.go:48: User successfully logged in: ghhghg
FORUM: 2025/03/11 14:48:49 homeHandler.go:54: Setting cookie: session_token = 01958597-e190-78ef-a868-1e6af7f76d58
FORUM: 2025/03/11 14:48:49 getPosts.go:86: Fetching posts for page 1
FORUM: 2025/03/11 14:48:49 getPosts.go:164: Executing query: SELECT username, id, title, content, Categories, created_at, likes, dislikes 
              FROM posts 
              ORDER BY created_at DESC 
              LIMIT ? with limit 10
FORUM: 2025/03/11 14:48:49 getPosts.go:177: Starting to process rows...
FORUM: 2025/03/11 14:48:49 session.go:38: SessionCheck: Session is valid for token: 01958597-e190-78ef-a868-1e6af7f76d58
FORUM: 2025/03/11 14:48:49 getPosts.go:182: Scanning row for post...
FORUM: 2025/03/11 14:48:49 getPosts.go:189: Successfully scanned post with ID: 3
FORUM: 2025/03/11 14:48:49 getPosts.go:192: Fetching comments for post ID: 3
FORUM: 2025/03/11 14:48:49 getPosts.go:199: Successfully fetched comments for post ID: 3, Comments: []
FORUM: 2025/03/11 14:48:49 getPosts.go:201: Appending post with ID: 3 to posts slice
FORUM: 2025/03/11 14:48:49 getPosts.go:182: Scanning row for post...
FORUM: 2025/03/11 14:48:49 getPosts.go:189: Successfully scanned post with ID: 2
FORUM: 2025/03/11 14:48:49 getPosts.go:192: Fetching comments for post ID: 2
FORUM: 2025/03/11 14:48:49 getPosts.go:199: Successfully fetched comments for post ID: 2, Comments: []
FORUM: 2025/03/11 14:48:49 getPosts.go:201: Appending post with ID: 2 to posts slice
FORUM: 2025/03/11 14:48:49 getPosts.go:182: Scanning row for post...
FORUM: 2025/03/11 14:48:49 getPosts.go:189: Successfully scanned post with ID: 1
FORUM: 2025/03/11 14:48:49 getPosts.go:192: Fetching comments for post ID: 1
FORUM: 2025/03/11 14:48:49 getPosts.go:199: Successfully fetched comments for post ID: 1, Comments: []
FORUM: 2025/03/11 14:48:49 getPosts.go:201: Appending post with ID: 1 to posts slice
FORUM: 2025/03/11 14:48:49 getPosts.go:210: Finished processing rows. Total posts fetched: 3
FORUM: 2025/03/11 14:48:49 getPosts.go:113: Number of posts returned: 3
FORUM: 2025/03/11 14:48:55 main.go:48: 
Received termination signal: interrupt
FORUM: 2025/03/11 14:48:55 main.go:49: Shutting down...
FORUM: 2025/03/11 14:48:55 main.go:51: Database connection closed.
